<?xml version="1.0" encoding="UTF-8"?>
<testng-results skipped="1" failed="1" ignored="0" total="5" passed="3">
  <reporter-output>
  </reporter-output>
  <suite name="PracticeProjects" duration-ms="34858" started-at="2020-03-24T19:41:03 IST" finished-at="2020-03-24T19:41:37 IST">
    <groups>
    </groups>
    <test name="PracticeProjectsAutomations" duration-ms="34858" started-at="2020-03-24T19:41:03 IST" finished-at="2020-03-24T19:41:37 IST">
      <class name="com.qa.testcases.HomePageTests">
        <test-method status="PASS" signature="initializeBrowsers(java.lang.String)[pri:0, instance:com.qa.testcases.HomePageTests@6a4f787b]" name="initializeBrowsers" is-config="true" duration-ms="6237" started-at="2020-03-24T19:41:03 IST" finished-at="2020-03-24T19:41:09 IST">
          <params>
            <param index="0">
              <value>
                <![CDATA[chrome]]>
              </value>
            </param>
          </params>
          <reporter-output>
          </reporter-output>
        </test-method> <!-- initializeBrowsers -->
        <test-method status="PASS" signature="quiteDriver()[pri:0, instance:com.qa.testcases.HomePageTests@6a4f787b]" name="quiteDriver" is-config="true" duration-ms="97" started-at="2020-03-24T19:41:09 IST" finished-at="2020-03-24T19:41:09 IST">
          <reporter-output>
          </reporter-output>
        </test-method> <!-- quiteDriver -->
        <test-method status="PASS" signature="setUp()[pri:0, instance:com.qa.testcases.HomePageTests@6a4f787b]" name="setUp" is-config="true" duration-ms="5015" started-at="2020-03-24T19:41:09 IST" finished-at="2020-03-24T19:41:14 IST">
          <reporter-output>
          </reporter-output>
        </test-method> <!-- setUp -->
        <test-method status="PASS" signature="verifySearch()[pri:0, instance:com.qa.testcases.HomePageTests@6a4f787b]" name="verifySearch" duration-ms="469" started-at="2020-03-24T19:41:14 IST" finished-at="2020-03-24T19:41:14 IST">
          <reporter-output>
          </reporter-output>
        </test-method> <!-- verifySearch -->
        <test-method status="PASS" signature="setUp()[pri:0, instance:com.qa.testcases.HomePageTests@6a4f787b]" name="setUp" is-config="true" duration-ms="9836" started-at="2020-03-24T19:41:14 IST" finished-at="2020-03-24T19:41:24 IST">
          <reporter-output>
          </reporter-output>
        </test-method> <!-- setUp -->
        <test-method status="PASS" signature="VerifyCartIcon()[pri:0, instance:com.qa.testcases.HomePageTests@6a4f787b]" name="VerifyCartIcon" duration-ms="130" started-at="2020-03-24T19:41:24 IST" depends-on-methods="com.qa.testcases.HomePageTests.verifySearch" finished-at="2020-03-24T19:41:24 IST">
          <reporter-output>
          </reporter-output>
        </test-method> <!-- VerifyCartIcon -->
        <test-method status="PASS" signature="setUp()[pri:0, instance:com.qa.testcases.HomePageTests@6a4f787b]" name="setUp" is-config="true" duration-ms="7897" started-at="2020-03-24T19:41:24 IST" finished-at="2020-03-24T19:41:32 IST">
          <reporter-output>
          </reporter-output>
        </test-method> <!-- setUp -->
        <test-method status="FAIL" signature="verifyProductInfo()[pri:0, instance:com.qa.testcases.HomePageTests@6a4f787b]" name="verifyProductInfo" duration-ms="44" started-at="2020-03-24T19:41:32 IST" depends-on-methods="com.qa.testcases.HomePageTests.VerifyCartIcon" finished-at="2020-03-24T19:41:32 IST">
          <exception class="org.openqa.selenium.NoSuchElementException">
            <message>
              <![CDATA[no such element: Unable to locate element: {"method":"xpath","selector":"//div[@class='cart-preview active']//div//div//p[@class='product-name']"}
  (Session info: chrome=80.0.3987.149)
For documentation on this error, please visit: https://www.seleniumhq.org/exceptions/no_such_element.html
Build info: version: '3.141.59', revision: 'e82be7d358', time: '2018-11-14T08:17:03'
System info: host: 'Anups-MacBook-Pro.local', ip: '192.168.0.103', os.name: 'Mac OS X', os.arch: 'x86_64', os.version: '10.14.6', java.version: '1.8.0_181'
Driver info: org.openqa.selenium.chrome.ChromeDriver
Capabilities {acceptInsecureCerts: false, browserName: chrome, browserVersion: 80.0.3987.149, chrome: {chromedriverVersion: 80.0.3987.106 (f68069574609..., userDataDir: /var/folders/xt/40gbcj9d3q1...}, goog:chromeOptions: {debuggerAddress: localhost:59049}, javascriptEnabled: true, networkConnectionEnabled: false, pageLoadStrategy: normal, platform: MAC, platformName: MAC, proxy: Proxy(), setWindowRect: true, strictFileInteractability: false, timeouts: {implicit: 0, pageLoad: 300000, script: 30000}, unhandledPromptBehavior: dismiss and notify}
Session ID: 6129bbf4988169346823c5913900e99f
*** Element info: {Using=xpath, value=//div[@class='cart-preview active']//div//div//p[@class='product-name']}]]>
            </message>
            <full-stacktrace>
              <![CDATA[org.openqa.selenium.NoSuchElementException: no such element: Unable to locate element: {"method":"xpath","selector":"//div[@class='cart-preview active']//div//div//p[@class='product-name']"}
  (Session info: chrome=80.0.3987.149)
For documentation on this error, please visit: https://www.seleniumhq.org/exceptions/no_such_element.html
Build info: version: '3.141.59', revision: 'e82be7d358', time: '2018-11-14T08:17:03'
System info: host: 'Anups-MacBook-Pro.local', ip: '192.168.0.103', os.name: 'Mac OS X', os.arch: 'x86_64', os.version: '10.14.6', java.version: '1.8.0_181'
Driver info: org.openqa.selenium.chrome.ChromeDriver
Capabilities {acceptInsecureCerts: false, browserName: chrome, browserVersion: 80.0.3987.149, chrome: {chromedriverVersion: 80.0.3987.106 (f68069574609..., userDataDir: /var/folders/xt/40gbcj9d3q1...}, goog:chromeOptions: {debuggerAddress: localhost:59049}, javascriptEnabled: true, networkConnectionEnabled: false, pageLoadStrategy: normal, platform: MAC, platformName: MAC, proxy: Proxy(), setWindowRect: true, strictFileInteractability: false, timeouts: {implicit: 0, pageLoad: 300000, script: 30000}, unhandledPromptBehavior: dismiss and notify}
Session ID: 6129bbf4988169346823c5913900e99f
*** Element info: {Using=xpath, value=//div[@class='cart-preview active']//div//div//p[@class='product-name']}
at sun.reflect.NativeConstructorAccessorImpl.newInstance0(Native Method)
at sun.reflect.NativeConstructorAccessorImpl.newInstance(NativeConstructorAccessorImpl.java:62)
at sun.reflect.DelegatingConstructorAccessorImpl.newInstance(DelegatingConstructorAccessorImpl.java:45)
at java.lang.reflect.Constructor.newInstance(Constructor.java:423)
at org.openqa.selenium.remote.http.W3CHttpResponseCodec.createException(W3CHttpResponseCodec.java:187)
at org.openqa.selenium.remote.http.W3CHttpResponseCodec.decode(W3CHttpResponseCodec.java:122)
at org.openqa.selenium.remote.http.W3CHttpResponseCodec.decode(W3CHttpResponseCodec.java:49)
at org.openqa.selenium.remote.HttpCommandExecutor.execute(HttpCommandExecutor.java:158)
at org.openqa.selenium.remote.service.DriverCommandExecutor.execute(DriverCommandExecutor.java:83)
at org.openqa.selenium.remote.RemoteWebDriver.execute(RemoteWebDriver.java:552)
at org.openqa.selenium.remote.RemoteWebDriver.findElement(RemoteWebDriver.java:323)
at org.openqa.selenium.remote.RemoteWebDriver.findElementByXPath(RemoteWebDriver.java:428)
at org.openqa.selenium.By$ByXPath.findElement(By.java:353)
at org.openqa.selenium.remote.RemoteWebDriver.findElement(RemoteWebDriver.java:315)
at org.openqa.selenium.support.pagefactory.DefaultElementLocator.findElement(DefaultElementLocator.java:69)
at org.openqa.selenium.support.pagefactory.internal.LocatingElementHandler.invoke(LocatingElementHandler.java:38)
at com.sun.proxy.$Proxy8.isDisplayed(Unknown Source)
at com.qa.pages.HomePage.cartInfo(HomePage.java:81)
at com.qa.testcases.HomePageTests.verifyProductInfo(HomePageTests.java:60)
at sun.reflect.NativeMethodAccessorImpl.invoke0(Native Method)
at sun.reflect.NativeMethodAccessorImpl.invoke(NativeMethodAccessorImpl.java:62)
at sun.reflect.DelegatingMethodAccessorImpl.invoke(DelegatingMethodAccessorImpl.java:43)
at java.lang.reflect.Method.invoke(Method.java:498)
at org.testng.internal.MethodInvocationHelper.invokeMethod(MethodInvocationHelper.java:133)
at org.testng.internal.TestInvoker.invokeMethod(TestInvoker.java:584)
at org.testng.internal.TestInvoker.invokeTestMethod(TestInvoker.java:172)
at org.testng.internal.MethodRunner.runInSequence(MethodRunner.java:46)
at org.testng.internal.TestInvoker$MethodInvocationAgent.invoke(TestInvoker.java:804)
at org.testng.internal.TestInvoker.invokeTestMethods(TestInvoker.java:145)
at org.testng.internal.TestMethodWorker.invokeTestMethods(TestMethodWorker.java:146)
at org.testng.internal.TestMethodWorker.run(TestMethodWorker.java:128)
at java.util.ArrayList.forEach(ArrayList.java:1257)
at org.testng.TestRunner.privateRun(TestRunner.java:770)
at org.testng.TestRunner.run(TestRunner.java:591)
at org.testng.SuiteRunner.runTest(SuiteRunner.java:402)
at org.testng.SuiteRunner.runSequentially(SuiteRunner.java:396)
at org.testng.SuiteRunner.privateRun(SuiteRunner.java:355)
at org.testng.SuiteRunner.run(SuiteRunner.java:304)
at org.testng.SuiteRunnerWorker.runSuite(SuiteRunnerWorker.java:53)
at org.testng.SuiteRunnerWorker.run(SuiteRunnerWorker.java:96)
at org.testng.TestNG.runSuitesSequentially(TestNG.java:1180)
at org.testng.TestNG.runSuitesLocally(TestNG.java:1102)
at org.testng.TestNG.runSuites(TestNG.java:1032)
at org.testng.TestNG.run(TestNG.java:1000)
at org.apache.maven.surefire.testng.TestNGExecutor.run(TestNGExecutor.java:282)
at org.apache.maven.surefire.testng.TestNGXmlTestSuite.execute(TestNGXmlTestSuite.java:83)
at org.apache.maven.surefire.testng.TestNGProvider.invoke(TestNGProvider.java:114)
at org.apache.maven.surefire.booter.ForkedBooter.invokeProviderInSameClassLoader(ForkedBooter.java:286)
at org.apache.maven.surefire.booter.ForkedBooter.runSuitesInProcess(ForkedBooter.java:240)
at org.apache.maven.surefire.booter.ForkedBooter.main(ForkedBooter.java:121)
]]>
            </full-stacktrace>
          </exception> <!-- org.openqa.selenium.NoSuchElementException -->
          <reporter-output>
          </reporter-output>
        </test-method> <!-- verifyProductInfo -->
        <test-method status="SKIP" signature="verifyChecoutProceedButton()[pri:0, instance:com.qa.testcases.HomePageTests@6a4f787b]" name="verifyChecoutProceedButton" duration-ms="0" started-at="2020-03-24T19:41:32 IST" depends-on-methods="com.qa.testcases.HomePageTests.verifyProductInfo" finished-at="2020-03-24T19:41:32 IST">
          <exception class="java.lang.Throwable">
            <message>
              <![CDATA[Method HomePageTests.verifyChecoutProceedButton()[pri:0, instance:com.qa.testcases.HomePageTests@6a4f787b] depends on not successfully finished methods]]>
            </message>
            <full-stacktrace>
              <![CDATA[java.lang.Throwable: Method HomePageTests.verifyChecoutProceedButton()[pri:0, instance:com.qa.testcases.HomePageTests@6a4f787b] depends on not successfully finished methods
at org.testng.internal.TestInvoker.invokeTestMethods(TestInvoker.java:99)
at org.testng.internal.TestMethodWorker.invokeTestMethods(TestMethodWorker.java:146)
at org.testng.internal.TestMethodWorker.run(TestMethodWorker.java:128)
at java.util.ArrayList.forEach(ArrayList.java:1257)
at org.testng.TestRunner.privateRun(TestRunner.java:770)
at org.testng.TestRunner.run(TestRunner.java:591)
at org.testng.SuiteRunner.runTest(SuiteRunner.java:402)
at org.testng.SuiteRunner.runSequentially(SuiteRunner.java:396)
at org.testng.SuiteRunner.privateRun(SuiteRunner.java:355)
at org.testng.SuiteRunner.run(SuiteRunner.java:304)
at org.testng.SuiteRunnerWorker.runSuite(SuiteRunnerWorker.java:53)
at org.testng.SuiteRunnerWorker.run(SuiteRunnerWorker.java:96)
at org.testng.TestNG.runSuitesSequentially(TestNG.java:1180)
at org.testng.TestNG.runSuitesLocally(TestNG.java:1102)
at org.testng.TestNG.runSuites(TestNG.java:1032)
at org.testng.TestNG.run(TestNG.java:1000)
at org.apache.maven.surefire.testng.TestNGExecutor.run(TestNGExecutor.java:282)
at org.apache.maven.surefire.testng.TestNGXmlTestSuite.execute(TestNGXmlTestSuite.java:83)
at org.apache.maven.surefire.testng.TestNGProvider.invoke(TestNGProvider.java:114)
at org.apache.maven.surefire.booter.ForkedBooter.invokeProviderInSameClassLoader(ForkedBooter.java:286)
at org.apache.maven.surefire.booter.ForkedBooter.runSuitesInProcess(ForkedBooter.java:240)
at org.apache.maven.surefire.booter.ForkedBooter.main(ForkedBooter.java:121)
]]>
            </full-stacktrace>
          </exception> <!-- java.lang.Throwable -->
          <reporter-output>
          </reporter-output>
        </test-method> <!-- verifyChecoutProceedButton -->
        <test-method status="PASS" signature="setUp()[pri:0, instance:com.qa.testcases.HomePageTests@6a4f787b]" name="setUp" is-config="true" duration-ms="5093" started-at="2020-03-24T19:41:32 IST" finished-at="2020-03-24T19:41:37 IST">
          <reporter-output>
          </reporter-output>
        </test-method> <!-- setUp -->
        <test-method status="PASS" signature="verifyHomePageLogo()[pri:1, instance:com.qa.testcases.HomePageTests@6a4f787b]" name="verifyHomePageLogo" duration-ms="1" started-at="2020-03-24T19:41:37 IST" finished-at="2020-03-24T19:41:37 IST">
          <reporter-output>
          </reporter-output>
        </test-method> <!-- verifyHomePageLogo -->
      </class> <!-- com.qa.testcases.HomePageTests -->
    </test> <!-- PracticeProjectsAutomations -->
  </suite> <!-- PracticeProjects -->
</testng-results>
