<?xml version="1.0" encoding="UTF-8"?>
<testsuite xmlns:xsi="http://www.w3.org/2001/XMLSchema-instance" xsi:schemaLocation="https://maven.apache.org/surefire/maven-surefire-plugin/xsd/surefire-test-report.xsd" name="TestSuite" time="45.351" tests="5" errors="0" skipped="1" failures="1">
  <properties>
[...]
</properties>
  <testcase name="verifySearch" classname="com.qa.testcases.HomePageTests" time="0.475"/>
  <testcase name="VerifyCartIcon" classname="com.qa.testcases.HomePageTests" time="0.13"/>
  <testcase name="verifyProductInfo" classname="com.qa.testcases.HomePageTests" time="0.053">
    <failure message="no such element: Unable to locate element: {&quot;method&quot;:&quot;xpath&quot;,&quot;selector&quot;:&quot;//div[@class=&apos;cart-preview active&apos;]//div//div//p[@class=&apos;product-name&apos;]&quot;}&#10;  (Session info: chrome=80.0.3987.149)&#10;For documentation on this error, please visit: https://www.seleniumhq.org/exceptions/no_such_element.html&#10;Build info: version: &apos;3.141.59&apos;, revision: &apos;e82be7d358&apos;, time: &apos;2018-11-14T08:17:03&apos;&#10;System info: host: &apos;Anups-MacBook-Pro.local&apos;, ip: &apos;192.168.0.103&apos;, os.name: &apos;Mac OS X&apos;, os.arch: &apos;x86_64&apos;, os.version: &apos;10.14.6&apos;, java.version: &apos;1.8.0_181&apos;&#10;Driver info: org.openqa.selenium.chrome.ChromeDriver&#10;Capabilities {acceptInsecureCerts: false, browserName: chrome, browserVersion: 80.0.3987.149, chrome: {chromedriverVersion: 80.0.3987.106 (f68069574609..., userDataDir: /var/folders/xt/40gbcj9d3q1...}, goog:chromeOptions: {debuggerAddress: localhost:59049}, javascriptEnabled: true, networkConnectionEnabled: false, pageLoadStrategy: normal, platform: MAC, platformName: MAC, proxy: Proxy(), setWindowRect: true, strictFileInteractability: false, timeouts: {implicit: 0, pageLoad: 300000, script: 30000}, unhandledPromptBehavior: dismiss and notify}&#10;Session ID: 6129bbf4988169346823c5913900e99f&#10;*** Element info: {Using=xpath, value=//div[@class=&apos;cart-preview active&apos;]//div//div//p[@class=&apos;product-name&apos;]}" type="org.openqa.selenium.NoSuchElementException">org.openqa.selenium.NoSuchElementException: 
no such element: Unable to locate element: {"method":"xpath","selector":"//div[@class='cart-preview active']//div//div//p[@class='product-name']"}
  (Session info: chrome=80.0.3987.149)
For documentation on this error, please visit: https://www.seleniumhq.org/exceptions/no_such_element.html
Build info: version: '3.141.59', revision: 'e82be7d358', time: '2018-11-14T08:17:03'
System info: host: 'Anups-MacBook-Pro.local', ip: '192.168.0.103', os.name: 'Mac OS X', os.arch: 'x86_64', os.version: '10.14.6', java.version: '1.8.0_181'
Driver info: org.openqa.selenium.chrome.ChromeDriver
Capabilities {acceptInsecureCerts: false, browserName: chrome, browserVersion: 80.0.3987.149, chrome: {chromedriverVersion: 80.0.3987.106 (f68069574609..., userDataDir: /var/folders/xt/40gbcj9d3q1...}, goog:chromeOptions: {debuggerAddress: localhost:59049}, javascriptEnabled: true, networkConnectionEnabled: false, pageLoadStrategy: normal, platform: MAC, platformName: MAC, proxy: Proxy(), setWindowRect: true, strictFileInteractability: false, timeouts: {implicit: 0, pageLoad: 300000, script: 30000}, unhandledPromptBehavior: dismiss and notify}
Session ID: 6129bbf4988169346823c5913900e99f
*** Element info: {Using=xpath, value=//div[@class='cart-preview active']//div//div//p[@class='product-name']}
	at com.qa.testcases.HomePageTests.verifyProductInfo(HomePageTests.java:60)
</failure>
    <system-err><![CDATA[Starting ChromeDriver 80.0.3987.106 (f68069574609230cf9b635cd784cfb1bf81bb53a-refs/branch-heads/3987@{#882}) on port 5160
Only local connections are allowed.
Please protect ports used by ChromeDriver and related test frameworks to prevent access by malicious code.
Mar 24, 2020 7:41:26 PM org.openqa.selenium.remote.ProtocolHandshake createSession
INFO: Detected dialect: W3C
[1585059090.490][SEVERE]: Timed out receiving message from renderer: 0.100
[1585059090.593][SEVERE]: Timed out receiving message from renderer: 0.100
[1585059090.694][SEVERE]: Timed out receiving message from renderer: 0.100
[1585059090.996][SEVERE]: Timed out receiving message from renderer: 0.100
[1585059091.149][SEVERE]: Timed out receiving message from renderer: 0.100
[1585059091.250][SEVERE]: Timed out receiving message from renderer: 0.100
[1585059091.360][SEVERE]: Timed out receiving message from renderer: 0.100
[1585059091.461][SEVERE]: Timed out receiving message from renderer: 0.100
[1585059091.563][SEVERE]: Timed out receiving message from renderer: 0.100
[1585059091.744][SEVERE]: Timed out receiving message from renderer: 0.100
[1585059091.847][SEVERE]: Timed out receiving message from renderer: 0.100
[1585059091.949][SEVERE]: Timed out receiving message from renderer: 0.100
[1585059092.051][SEVERE]: Timed out receiving message from renderer: 0.100
[1585059092.152][SEVERE]: Timed out receiving message from renderer: 0.100
[1585059092.254][SEVERE]: Timed out receiving message from renderer: 0.100
[1585059092.358][SEVERE]: Timed out receiving message from renderer: 0.100
[1585059092.460][SEVERE]: Timed out receiving message from renderer: 0.100
[1585059092.563][SEVERE]: Timed out receiving message from renderer: 0.100
[1585059092.664][SEVERE]: Timed out receiving message from renderer: 0.100
Mar 24, 2020 7:41:32 PM com.qa.testbase.TestBase initializeBrowsers
INFO: Url has been launched.
]]></system-err>
  </testcase>
  <testcase name="verifyChecoutProceedButton" classname="com.qa.testcases.HomePageTests" time="0">
    <skipped/>
  </testcase>
  <testcase name="verifyHomePageLogo" classname="com.qa.testcases.HomePageTests" time="0"/>
</testsuite>